<?xml version="1.0" encoding="UTF-8"?>
<testsuite name="QA16a.tests.GroupCreationTests" tests="1" skipped="0" failures="0" errors="0" timestamp="2018-08-08T20:48:53" hostname="DESKTOP-82IRLRT" time="16.945">
  <properties/>
  <testcase name="testGroupCreation" classname="QA16a.tests.GroupCreationTests" time="16.945"/>
  <system-out><![CDATA[]]></system-out>
  <system-err><![CDATA[]]></system-err>
</testsuite>
