<?xml version="1.0" encoding="UTF-8"?>
<testsuite name="QA16a.tests.GroupDeletionTests" tests="2" skipped="0" failures="0" errors="0" timestamp="2018-08-08T20:49:12" hostname="DESKTOP-82IRLRT" time="23.328">
  <properties/>
  <testcase name="deletionFirstGroupTest" classname="QA16a.tests.GroupDeletionTests" time="6.431"/>
  <testcase name="deletionLastGroupTest" classname="QA16a.tests.GroupDeletionTests" time="16.897"/>
  <system-out><![CDATA[]]></system-out>
  <system-err><![CDATA[]]></system-err>
</testsuite>
