<?xml version="1.0" encoding="UTF-8"?>
<testsuite name="QA16a.tests.TestLogin" tests="2" skipped="0" failures="0" errors="0" timestamp="2018-08-08T20:48:10" hostname="DESKTOP-82IRLRT" time="6.384">
  <properties/>
  <testcase name="loginTest" classname="QA16a.tests.TestLogin" time="0.611"/>
  <testcase name="negativeLoginTest" classname="QA16a.tests.TestLogin" time="5.621"/>
  <system-out><![CDATA[]]></system-out>
  <system-err><![CDATA[]]></system-err>
</testsuite>
