<?xml version="1.0" encoding="UTF-8"?>
<testsuite name="QA16a.tests.ContactModificationTests" tests="2" skipped="0" failures="0" errors="0" timestamp="2018-08-08T20:48:26" hostname="DESKTOP-82IRLRT" time="5.057">
  <properties/>
  <testcase name="ModificationAndDeleteContact" classname="QA16a.tests.ContactModificationTests" time="0.224"/>
  <testcase name="modificationContact" classname="QA16a.tests.ContactModificationTests" time="4.833"/>
  <system-out><![CDATA[]]></system-out>
  <system-err><![CDATA[]]></system-err>
</testsuite>
