<?xml version="1.0" encoding="UTF-8"?>
<testsuite name="QA16a.tests.GroupModificationTests" tests="1" skipped="0" failures="0" errors="0" timestamp="2018-08-08T20:49:10" hostname="DESKTOP-82IRLRT" time="1.398">
  <properties/>
  <testcase name="testGroupModification" classname="QA16a.tests.GroupModificationTests" time="1.398"/>
  <system-out><![CDATA[]]></system-out>
  <system-err><![CDATA[]]></system-err>
</testsuite>
